This is pdfTeX, Version 3.14159265-2.6-1.40.20 (TeX Live 2019/Debian) (preloaded format=pdflatex 2023.8.10)  5 SEP 2023 16:45
entering extended mode
 restricted \write18 enabled.
 %&-line parsing enabled.
**paper.tex
(./paper.tex
LaTeX2e <2020-02-02> patch level 2
L3 programming layer <2020-02-14> (./IEEEtran.cls
Document Class: IEEEtran 2015/08/26 V1.8b by Michael Shell
-- See the "IEEEtran_HOWTO" manual for usage information.
-- http://www.michaelshell.org/tex/ieeetran/
\@IEEEtrantmpdimenA=\dimen134
\@IEEEtrantmpdimenB=\dimen135
\@IEEEtrantmpdimenC=\dimen136
\@IEEEtrantmpcountA=\count167
\@IEEEtrantmpcountB=\count168
\@IEEEtrantmpcountC=\count169
\@IEEEtrantmptoksA=\toks14
LaTeX Font Info:    Trying to load font information for OT1+ptm on input line 5
03.
(/usr/share/texlive/texmf-dist/tex/latex/psnfss/ot1ptm.fd
File: ot1ptm.fd 2001/06/04 font definitions for OT1/ptm.
)
-- Using 8.5in x 11in (letter) paper.
-- Using PDF output.
\@IEEEnormalsizeunitybaselineskip=\dimen137
-- This is a 10 point document.
\CLASSINFOnormalsizebaselineskip=\dimen138
\CLASSINFOnormalsizeunitybaselineskip=\dimen139
\IEEEnormaljot=\dimen140
LaTeX Font Info:    Font shape `OT1/ptm/bx/n' in size <5> not available
(Font)              Font shape `OT1/ptm/b/n' tried instead on input line 1090.
LaTeX Font Info:    Font shape `OT1/ptm/bx/it' in size <5> not available
(Font)              Font shape `OT1/ptm/b/it' tried instead on input line 1090.

LaTeX Font Info:    Font shape `OT1/ptm/bx/n' in size <7> not available
(Font)              Font shape `OT1/ptm/b/n' tried instead on input line 1090.
LaTeX Font Info:    Font shape `OT1/ptm/bx/it' in size <7> not available
(Font)              Font shape `OT1/ptm/b/it' tried instead on input line 1090.

LaTeX Font Info:    Font shape `OT1/ptm/bx/n' in size <8> not available
(Font)              Font shape `OT1/ptm/b/n' tried instead on input line 1090.
LaTeX Font Info:    Font shape `OT1/ptm/bx/it' in size <8> not available
(Font)              Font shape `OT1/ptm/b/it' tried instead on input line 1090.

LaTeX Font Info:    Font shape `OT1/ptm/bx/n' in size <9> not available
(Font)              Font shape `OT1/ptm/b/n' tried instead on input line 1090.
LaTeX Font Info:    Font shape `OT1/ptm/bx/it' in size <9> not available
(Font)              Font shape `OT1/ptm/b/it' tried instead on input line 1090.

LaTeX Font Info:    Font shape `OT1/ptm/bx/n' in size <10> not available
(Font)              Font shape `OT1/ptm/b/n' tried instead on input line 1090.
LaTeX Font Info:    Font shape `OT1/ptm/bx/it' in size <10> not available
(Font)              Font shape `OT1/ptm/b/it' tried instead on input line 1090.

LaTeX Font Info:    Font shape `OT1/ptm/bx/n' in size <11> not available
(Font)              Font shape `OT1/ptm/b/n' tried instead on input line 1090.
LaTeX Font Info:    Font shape `OT1/ptm/bx/it' in size <11> not available
(Font)              Font shape `OT1/ptm/b/it' tried instead on input line 1090.

LaTeX Font Info:    Font shape `OT1/ptm/bx/n' in size <12> not available
(Font)              Font shape `OT1/ptm/b/n' tried instead on input line 1090.
LaTeX Font Info:    Font shape `OT1/ptm/bx/it' in size <12> not available
(Font)              Font shape `OT1/ptm/b/it' tried instead on input line 1090.

LaTeX Font Info:    Font shape `OT1/ptm/bx/n' in size <17> not available
(Font)              Font shape `OT1/ptm/b/n' tried instead on input line 1090.
LaTeX Font Info:    Font shape `OT1/ptm/bx/it' in size <17> not available
(Font)              Font shape `OT1/ptm/b/it' tried instead on input line 1090.

LaTeX Font Info:    Font shape `OT1/ptm/bx/n' in size <20> not available
(Font)              Font shape `OT1/ptm/b/n' tried instead on input line 1090.
LaTeX Font Info:    Font shape `OT1/ptm/bx/it' in size <20> not available
(Font)              Font shape `OT1/ptm/b/it' tried instead on input line 1090.

LaTeX Font Info:    Font shape `OT1/ptm/bx/n' in size <24> not available
(Font)              Font shape `OT1/ptm/b/n' tried instead on input line 1090.
LaTeX Font Info:    Font shape `OT1/ptm/bx/it' in size <24> not available
(Font)              Font shape `OT1/ptm/b/it' tried instead on input line 1090.

\IEEEquantizedlength=\dimen141
\IEEEquantizedlengthdiff=\dimen142
\IEEEquantizedtextheightdiff=\dimen143
\IEEEilabelindentA=\dimen144
\IEEEilabelindentB=\dimen145
\IEEEilabelindent=\dimen146
\IEEEelabelindent=\dimen147
\IEEEdlabelindent=\dimen148
\IEEElabelindent=\dimen149
\IEEEiednormlabelsep=\dimen150
\IEEEiedmathlabelsep=\dimen151
\IEEEiedtopsep=\skip47
\c@section=\count170
\c@subsection=\count171
\c@subsubsection=\count172
\c@paragraph=\count173
\c@IEEEsubequation=\count174
\abovecaptionskip=\skip48
\belowcaptionskip=\skip49
\c@figure=\count175
\c@table=\count176
\@IEEEeqnnumcols=\count177
\@IEEEeqncolcnt=\count178
\@IEEEsubeqnnumrollback=\count179
\@IEEEquantizeheightA=\dimen152
\@IEEEquantizeheightB=\dimen153
\@IEEEquantizeheightC=\dimen154
\@IEEEquantizeprevdepth=\dimen155
\@IEEEquantizemultiple=\count180
\@IEEEquantizeboxA=\box45
\@IEEEtmpitemindent=\dimen156
\IEEEPARstartletwidth=\dimen157
\c@IEEEbiography=\count181
\@IEEEtranrubishbin=\box46
) (/usr/share/texlive/texmf-dist/tex/latex/tools/bm.sty
Package: bm 2019/07/24 v1.2d Bold Symbol Support (DPC/FMi)
\symboldoperators=\mathgroup4
\symboldletters=\mathgroup5
\symboldsymbols=\mathgroup6
LaTeX Font Info:    Redeclaring math alphabet \mathbf on input line 141.
LaTeX Info: Redefining \bm on input line 209.
)
(/usr/share/texlive/texmf-dist/tex/latex/multirow/multirow.sty
Package: multirow 2019/05/31 v2.5 Span multiple rows of a table
\multirow@colwidth=\skip50
\multirow@cntb=\count182
\multirow@dima=\skip51
\bigstrutjot=\dimen158
)
(/usr/share/texlive/texmf-dist/tex/latex/booktabs/booktabs.sty
Package: booktabs 2020/01/12 v1.61803398 Publication quality tables
\heavyrulewidth=\dimen159
\lightrulewidth=\dimen160
\cmidrulewidth=\dimen161
\belowrulesep=\dimen162
\belowbottomsep=\dimen163
\aboverulesep=\dimen164
\abovetopsep=\dimen165
\cmidrulesep=\dimen166
\cmidrulekern=\dimen167
\defaultaddspace=\dimen168
\@cmidla=\count183
\@cmidlb=\count184
\@aboverulesep=\dimen169
\@belowrulesep=\dimen170
\@thisruleclass=\count185
\@lastruleclass=\count186
\@thisrulewidth=\dimen171
)
(/usr/share/texlive/texmf-dist/tex/latex/base/fontenc.sty
Package: fontenc 2020/02/11 v2.0o Standard LaTeX package
LaTeX Font Info:    Trying to load font information for T1+ptm on input line 11
2.

(/usr/share/texlive/texmf-dist/tex/latex/psnfss/t1ptm.fd
File: t1ptm.fd 2001/06/04 font definitions for T1/ptm.
))
(/usr/share/texlive/texmf-dist/tex/latex/amsmath/amsmath.sty
Package: amsmath 2020/01/20 v2.17e AMS math features
\@mathmargin=\skip52

For additional information on amsmath, use the `?' option.
(/usr/share/texlive/texmf-dist/tex/latex/amsmath/amstext.sty
Package: amstext 2000/06/29 v2.01 AMS text

(/usr/share/texlive/texmf-dist/tex/latex/amsmath/amsgen.sty
File: amsgen.sty 1999/11/30 v2.0 generic functions
\@emptytoks=\toks15
\ex@=\dimen172
))
(/usr/share/texlive/texmf-dist/tex/latex/amsmath/amsbsy.sty
Package: amsbsy 1999/11/29 v1.2d Bold Symbols
LaTeX Info: Redefining \boldsymbol on input line 28.
\pmbraise@=\dimen173
)
(/usr/share/texlive/texmf-dist/tex/latex/amsmath/amsopn.sty
Package: amsopn 2016/03/08 v2.02 operator names
)
\inf@bad=\count187
LaTeX Info: Redefining \frac on input line 227.
\uproot@=\count188
\leftroot@=\count189
LaTeX Info: Redefining \overline on input line 389.
\classnum@=\count190
\DOTSCASE@=\count191
LaTeX Info: Redefining \ldots on input line 486.
LaTeX Info: Redefining \dots on input line 489.
LaTeX Info: Redefining \cdots on input line 610.
\Mathstrutbox@=\box47
\strutbox@=\box48
\big@size=\dimen174
LaTeX Font Info:    Redeclaring font encoding OML on input line 733.
LaTeX Font Info:    Redeclaring font encoding OMS on input line 734.
\macc@depth=\count192
\c@MaxMatrixCols=\count193
\dotsspace@=\muskip16
\c@parentequation=\count194
\dspbrk@lvl=\count195
\tag@help=\toks16
\row@=\count196
\column@=\count197
\maxfields@=\count198
\andhelp@=\toks17
\eqnshift@=\dimen175
\alignsep@=\dimen176
\tagshift@=\dimen177
\tagwidth@=\dimen178
\totwidth@=\dimen179
\lineht@=\dimen180
\@envbody=\toks18
\multlinegap=\skip53
\multlinetaggap=\skip54
\mathdisplay@stack=\toks19
LaTeX Info: Redefining \[ on input line 2859.
LaTeX Info: Redefining \] on input line 2860.
)
(/usr/share/texlive/texmf-dist/tex/latex/amsfonts/amsfonts.sty
Package: amsfonts 2013/01/14 v3.01 Basic AMSFonts support
\symAMSa=\mathgroup7
\symAMSb=\mathgroup8
LaTeX Font Info:    Redeclaring math symbol \hbar on input line 98.
LaTeX Font Info:    Overwriting math alphabet `\mathfrak' in version `bold'
(Font)                  U/euf/m/n --> U/euf/b/n on input line 106.
)
(/usr/share/texlive/texmf-dist/tex/latex/algorithms/algorithmic.sty
Package: algorithmic 2009/08/24 v0.1 Document Style `algorithmic'

(/usr/share/texlive/texmf-dist/tex/latex/base/ifthen.sty
Package: ifthen 2014/09/29 v1.1c Standard LaTeX ifthen package (DPC)
)
(/usr/share/texlive/texmf-dist/tex/latex/graphics/keyval.sty
Package: keyval 2014/10/28 v1.15 key=value parser (DPC)
\KV@toks@=\toks20
)
\c@ALC@unique=\count199
\c@ALC@line=\count266
\c@ALC@rem=\count267
\c@ALC@depth=\count268
\ALC@tlm=\skip55
\algorithmicindent=\skip56
)
(/usr/share/texlive/texmf-dist/tex/latex/algorithms/algorithm.sty
Package: algorithm 2009/08/24 v0.1 Document Style `algorithm' - floating enviro
nment

(/usr/share/texlive/texmf-dist/tex/latex/float/float.sty
Package: float 2001/11/08 v1.3d Float enhancements (AL)
\c@float@type=\count269
\float@exts=\toks21
\float@box=\box49
\@float@everytoks=\toks22
\@floatcapt=\box50
)
\@float@every@algorithm=\toks23
\c@algorithm=\count270
)
(/usr/share/texlive/texmf-dist/tex/latex/tools/array.sty
Package: array 2019/08/31 v2.4l Tabular extension package (FMi)
\col@sep=\dimen181
\ar@mcellbox=\box51
\extrarowheight=\dimen182
\NC@list=\toks24
\extratabsurround=\skip57
\backup@length=\skip58
\ar@cellbox=\box52
)
(/usr/share/texlive/texmf-dist/tex/latex/subfig/subfig.sty
Package: subfig 2005/06/28 ver: 1.3 subfig package

(/usr/share/texlive/texmf-dist/tex/latex/caption/caption3.sty
Package: caption3 2020/01/03 v1.8h caption3 kernel (AR)
Package caption3 Info: TeX engine: e-TeX on input line 61.
\captionmargin=\dimen183
\captionmargin@=\dimen184
\captionwidth=\dimen185
\caption@tempdima=\dimen186
\caption@indent=\dimen187
\caption@parindent=\dimen188
\caption@hangindent=\dimen189
Package caption Info: Unknown document class (or package),
(caption)             standard defaults will be used.
Package caption Info: \@makecaption = \long macro:#1#2->\ifx \@captype \@IEEEta
blestring \footnotesize \bgroup \par \centering \@IEEEtabletopskipstrut {\norma
lfont \footnotesize #1}\\{\normalfont \footnotesize \scshape #2}\par \addvspace
 {0.5\baselineskip }\egroup \@IEEEtablecaptionsepspace \else \@IEEEfigurecaptio
nsepspace \setbox \@tempboxa \hbox {\normalfont \footnotesize {#1.}\nobreakspac
e \nobreakspace #2}\ifdim \wd \@tempboxa >\hsize \setbox \@tempboxa \hbox {\nor
malfont \footnotesize {#1.}\nobreakspace \nobreakspace }\parbox [t]{\hsize }{\n
ormalfont \footnotesize \noindent \unhbox \@tempboxa #2}\else \ifCLASSOPTIONcon
ference \hbox to\hsize {\normalfont \footnotesize \hfil \box \@tempboxa \hfil }
\else \hbox to\hsize {\normalfont \footnotesize \box \@tempboxa \hfil }\fi \fi 
\fi  on input line 1082.
)
\c@KVtest=\count271
\sf@farskip=\skip59
\sf@captopadj=\dimen190
\sf@capskip=\skip60
\sf@nearskip=\skip61
\c@subfigure=\count272
\c@subfigure@save=\count273
\c@lofdepth=\count274
\c@subtable=\count275
\c@subtable@save=\count276
\c@lotdepth=\count277
\sf@top=\skip62
\sf@bottom=\skip63
)
(/usr/share/texlive/texmf-dist/tex/latex/base/textcomp.sty
Package: textcomp 2020/02/02 v2.0n Standard LaTeX package
)
(/usr/share/texlive/texmf-dist/tex/latex/sttools/stfloats.sty
Package: stfloats 2017/03/27 v3.3 Improve float mechanism and baselineskip sett
ings
\@dblbotnum=\count278
\c@dblbotnumber=\count279
)
(/usr/share/texlive/texmf-dist/tex/latex/url/url.sty
\Urlmuskip=\muskip17
Package: url 2013/09/16  ver 3.4  Verb mode for urls, etc.
)
(/usr/share/texlive/texmf-dist/tex/latex/tools/verbatim.sty
Package: verbatim 2019/11/10 v1.5r LaTeX2e package for verbatim enhancements
\every@verbatim=\toks25
\verbatim@line=\toks26
\verbatim@in@stream=\read2
)
(/usr/share/texlive/texmf-dist/tex/latex/graphics/graphicx.sty
Package: graphicx 2019/11/30 v1.2a Enhanced LaTeX Graphics (DPC,SPQR)

(/usr/share/texlive/texmf-dist/tex/latex/graphics/graphics.sty
Package: graphics 2019/11/30 v1.4a Standard LaTeX Graphics (DPC,SPQR)

(/usr/share/texlive/texmf-dist/tex/latex/graphics/trig.sty
Package: trig 2016/01/03 v1.10 sin cos tan (DPC)
)
(/usr/share/texlive/texmf-dist/tex/latex/graphics-cfg/graphics.cfg
File: graphics.cfg 2016/06/04 v1.11 sample graphics configuration
)
Package graphics Info: Driver file: pdftex.def on input line 105.

(/usr/share/texlive/texmf-dist/tex/latex/graphics-def/pdftex.def
File: pdftex.def 2018/01/08 v1.0l Graphics/color driver for pdftex
))
\Gin@req@height=\dimen191
\Gin@req@width=\dimen192
)
(/usr/share/texlive/texmf-dist/tex/latex/cite/cite.sty
LaTeX Info: Redefining \cite on input line 302.
LaTeX Info: Redefining \nocite on input line 332.
Package: cite 2015/02/27  v 5.5
)
(/usr/share/texlive/texmf-dist/tex/latex/hyperref/hyperref.sty
Package: hyperref 2020/01/14 v7.00d Hypertext links for LaTeX

(/usr/share/texlive/texmf-dist/tex/generic/ltxcmds/ltxcmds.sty
Package: ltxcmds 2019/12/15 v1.24 LaTeX kernel commands for general use (HO)
)
(/usr/share/texlive/texmf-dist/tex/generic/iftex/iftex.sty
Package: iftex 2019/11/07 v1.0c TeX engine tests
)
(/usr/share/texlive/texmf-dist/tex/latex/pdftexcmds/pdftexcmds.sty
Package: pdftexcmds 2019/11/24 v0.31 Utility functions of pdfTeX for LuaTeX (HO
)

(/usr/share/texlive/texmf-dist/tex/generic/infwarerr/infwarerr.sty
Package: infwarerr 2019/12/03 v1.5 Providing info/warning/error messages (HO)
)
Package pdftexcmds Info: \pdf@primitive is available.
Package pdftexcmds Info: \pdf@ifprimitive is available.
Package pdftexcmds Info: \pdfdraftmode found.
)
(/usr/share/texlive/texmf-dist/tex/generic/kvsetkeys/kvsetkeys.sty
Package: kvsetkeys 2019/12/15 v1.18 Key value parser (HO)
)
(/usr/share/texlive/texmf-dist/tex/generic/kvdefinekeys/kvdefinekeys.sty
Package: kvdefinekeys 2019-12-19 v1.6 Define keys (HO)
)
(/usr/share/texlive/texmf-dist/tex/generic/pdfescape/pdfescape.sty
Package: pdfescape 2019/12/09 v1.15 Implements pdfTeX's escape features (HO)
)
(/usr/share/texlive/texmf-dist/tex/latex/hycolor/hycolor.sty
Package: hycolor 2020-01-27 v1.10 Color options for hyperref/bookmark (HO)
)
(/usr/share/texlive/texmf-dist/tex/latex/letltxmacro/letltxmacro.sty
Package: letltxmacro 2019/12/03 v1.6 Let assignment for LaTeX macros (HO)
)
(/usr/share/texlive/texmf-dist/tex/latex/auxhook/auxhook.sty
Package: auxhook 2019-12-17 v1.6 Hooks for auxiliary files (HO)
)
(/usr/share/texlive/texmf-dist/tex/latex/kvoptions/kvoptions.sty
Package: kvoptions 2019/11/29 v3.13 Key value format for package options (HO)
)
\@linkdim=\dimen193
\Hy@linkcounter=\count280
\Hy@pagecounter=\count281

(/usr/share/texlive/texmf-dist/tex/latex/hyperref/pd1enc.def
File: pd1enc.def 2020/01/14 v7.00d Hyperref: PDFDocEncoding definition (HO)
Now handling font encoding PD1 ...
... no UTF-8 mapping file for font encoding PD1
)
(/usr/share/texlive/texmf-dist/tex/generic/intcalc/intcalc.sty
Package: intcalc 2019/12/15 v1.3 Expandable calculations with integers (HO)
)
(/usr/share/texlive/texmf-dist/tex/generic/etexcmds/etexcmds.sty
Package: etexcmds 2019/12/15 v1.7 Avoid name clashes with e-TeX commands (HO)
)
\Hy@SavedSpaceFactor=\count282
\pdfmajorversion=\count283
Package hyperref Info: Hyper figures OFF on input line 4547.
Package hyperref Info: Link nesting OFF on input line 4552.
Package hyperref Info: Hyper index ON on input line 4555.
Package hyperref Info: Plain pages OFF on input line 4562.
Package hyperref Info: Backreferencing OFF on input line 4567.
Package hyperref Info: Implicit mode ON; LaTeX internals redefined.
Package hyperref Info: Bookmarks ON on input line 4800.
\c@Hy@tempcnt=\count284
LaTeX Info: Redefining \url on input line 5159.
\XeTeXLinkMargin=\dimen194

(/usr/share/texlive/texmf-dist/tex/generic/bitset/bitset.sty
Package: bitset 2019/12/09 v1.3 Handle bit-vector datatype (HO)

(/usr/share/texlive/texmf-dist/tex/generic/bigintcalc/bigintcalc.sty
Package: bigintcalc 2019/12/15 v1.5 Expandable calculations on big integers (HO
)
))
\Fld@menulength=\count285
\Field@Width=\dimen195
\Fld@charsize=\dimen196
Package hyperref Info: Hyper figures OFF on input line 6430.
Package hyperref Info: Link nesting OFF on input line 6435.
Package hyperref Info: Hyper index ON on input line 6438.
Package hyperref Info: backreferencing OFF on input line 6445.
Package hyperref Info: Link coloring OFF on input line 6450.
Package hyperref Info: Link coloring with OCG OFF on input line 6455.
Package hyperref Info: PDF/A mode OFF on input line 6460.
LaTeX Info: Redefining \ref on input line 6500.
LaTeX Info: Redefining \pageref on input line 6504.

(/usr/share/texlive/texmf-dist/tex/generic/atbegshi/atbegshi.sty
Package: atbegshi 2019/12/05 v1.19 At begin shipout hook (HO)
)
\Hy@abspage=\count286
\c@Item=\count287
\c@Hfootnote=\count288
)
Package hyperref Info: Driver (autodetected): hpdftex.

(/usr/share/texlive/texmf-dist/tex/latex/hyperref/hpdftex.def
File: hpdftex.def 2020/01/14 v7.00d Hyperref driver for pdfTeX

(/usr/share/texlive/texmf-dist/tex/latex/atveryend/atveryend.sty
Package: atveryend 2019-12-11 v1.11 Hooks at the very end of document (HO)
Package atveryend Info: \enddocument detected (standard20110627).
)
\Fld@listcount=\count289
\c@bookmark@seq@number=\count290

(/usr/share/texlive/texmf-dist/tex/latex/rerunfilecheck/rerunfilecheck.sty
Package: rerunfilecheck 2019/12/05 v1.9 Rerun checks for auxiliary files (HO)

(/usr/share/texlive/texmf-dist/tex/generic/uniquecounter/uniquecounter.sty
Package: uniquecounter 2019/12/15 v1.4 Provide unlimited unique counter (HO)
)
Package uniquecounter Info: New unique counter `rerunfilecheck' on input line 2
86.
)
\Hy@SectionHShift=\skip64
)
(/usr/share/texlive/texmf-dist/tex/latex/l3backend/l3backend-pdfmode.def
File: l3backend-pdfmode.def 2020-02-03 L3 backend support: PDF mode
\l__kernel_color_stack_int=\count291
\l__pdf_internal_box=\box53
)
(./paper.aux)
\openout1 = `paper.aux'.

LaTeX Font Info:    Checking defaults for OML/cmm/m/it on input line 34.
LaTeX Font Info:    ... okay on input line 34.
LaTeX Font Info:    Checking defaults for OMS/cmsy/m/n on input line 34.
LaTeX Font Info:    ... okay on input line 34.
LaTeX Font Info:    Checking defaults for OT1/cmr/m/n on input line 34.
LaTeX Font Info:    ... okay on input line 34.
LaTeX Font Info:    Checking defaults for T1/cmr/m/n on input line 34.
LaTeX Font Info:    ... okay on input line 34.
LaTeX Font Info:    Checking defaults for TS1/cmr/m/n on input line 34.
LaTeX Font Info:    ... okay on input line 34.
LaTeX Font Info:    Checking defaults for OMX/cmex/m/n on input line 34.
LaTeX Font Info:    ... okay on input line 34.
LaTeX Font Info:    Checking defaults for U/cmr/m/n on input line 34.
LaTeX Font Info:    ... okay on input line 34.
LaTeX Font Info:    Checking defaults for PD1/pdf/m/n on input line 34.
LaTeX Font Info:    ... okay on input line 34.

-- Lines per column: 58 (exact).
Package caption Info: Begin \AtBeginDocument code.
Package caption Info: subfig package v1.3 is loaded.
Package caption Info: End \AtBeginDocument code.
(/usr/share/texlive/texmf-dist/tex/context/base/mkii/supp-pdf.mkii
[Loading MPS to PDF converter (version 2006.09.02).]
\scratchcounter=\count292
\scratchdimen=\dimen197
\scratchbox=\box54
\nofMPsegments=\count293
\nofMParguments=\count294
\everyMPshowfont=\toks27
\MPscratchCnt=\count295
\MPscratchDim=\dimen198
\MPnumerator=\count296
\makeMPintoPDFobject=\count297
\everyMPtoPDFconversion=\toks28
) (/usr/share/texlive/texmf-dist/tex/latex/epstopdf-pkg/epstopdf-base.sty
Package: epstopdf-base 2020-01-24 v2.11 Base part for package epstopdf
Package epstopdf-base Info: Redefining graphics rule for `.eps' on input line 4
85.

(/usr/share/texlive/texmf-dist/tex/latex/latexconfig/epstopdf-sys.cfg
File: epstopdf-sys.cfg 2010/07/13 v1.3 Configuration of (r)epstopdf for TeX Liv
e
))
\AtBeginShipoutBox=\box55
Package hyperref Info: Link coloring OFF on input line 34.

(/usr/share/texlive/texmf-dist/tex/latex/hyperref/nameref.sty
Package: nameref 2019/09/16 v2.46 Cross-referencing by name of section

(/usr/share/texlive/texmf-dist/tex/latex/refcount/refcount.sty
Package: refcount 2019/12/15 v3.6 Data extraction from label references (HO)
)
(/usr/share/texlive/texmf-dist/tex/generic/gettitlestring/gettitlestring.sty
Package: gettitlestring 2019/12/15 v1.6 Cleanup title references (HO)
)
\c@section@level=\count298
)
LaTeX Info: Redefining \ref on input line 34.
LaTeX Info: Redefining \pageref on input line 34.
LaTeX Info: Redefining \nameref on input line 34.

(./paper.out) (./paper.out)
\@outlinefile=\write3
\openout3 = `paper.out'.

 (./introduction.tex [1{/var/lib/texmf/fonts/map/pdftex/updmap/pdftex.map}


])
Package hyperref Info: bookmark level for unknown algorithm defaults to 0 on in
put line 73.
LaTeX Font Info:    Trying to load font information for U+msa on input line 77.


(/usr/share/texlive/texmf-dist/tex/latex/amsfonts/umsa.fd
File: umsa.fd 2013/01/14 v3.01 AMS symbols A
)
LaTeX Font Info:    Trying to load font information for U+msb on input line 77.


(/usr/share/texlive/texmf-dist/tex/latex/amsfonts/umsb.fd
File: umsb.fd 2013/01/14 v3.01 AMS symbols B
)
Underfull \vbox (badness 1584) has occurred while \output is active []

 [2]
[3] [4] (./methodology.tex [5] [6]
<before_pca.pdf, id=273, 433.62pt x 325.215pt>
File: before_pca.pdf Graphic file (type pdf)
<use before_pca.pdf>
Package pdftex.def Info: before_pca.pdf  used on input line 371.
(pdftex.def)             Requested size: 131.58252pt x 98.68674pt.
LaTeX Font Info:    Trying to load font information for T1+phv on input line 37
1.

(/usr/share/texlive/texmf-dist/tex/latex/psnfss/t1phv.fd
File: t1phv.fd 2001/06/04 scalable font definitions for T1/phv.
)
<after_pca.pdf, id=274, 433.62pt x 433.62pt>
File: after_pca.pdf Graphic file (type pdf)
<use after_pca.pdf>
Package pdftex.def Info: after_pca.pdf  used on input line 374.
(pdftex.def)             Requested size: 100.62378pt x 100.62372pt.
<example_curves.pdf, id=279, 903.375pt x 578.16pt>
File: example_curves.pdf Graphic file (type pdf)
<use example_curves.pdf>
Package pdftex.def Info: example_curves.pdf  used on input line 396.
(pdftex.def)             Requested size: 232.19843pt x 148.60658pt.


LaTeX Warning: `h' float specifier changed to `ht'.

[7 <./before_pca.pdf> <./after_pca.pdf>]
Underfull \vbox (badness 1412) has occurred while \output is active []

 [8 <./example_curves.pdf>]
<posterior_convergence.pdf, id=391, 462.52798pt x 346.89601pt>
File: posterior_convergence.pdf Graphic file (type pdf)
<use posterior_convergence.pdf>
Package pdftex.def Info: posterior_convergence.pdf  used on input line 631.
(pdftex.def)             Requested size: 232.19843pt x 174.15157pt.


LaTeX Warning: `h' float specifier changed to `ht'.

[9] [10 <./posterior_convergence.pdf>]) (./experiment.tex
<intact_robot.pdf, id=457, 462.52798pt x 346.89601pt>
File: intact_robot.pdf Graphic file (type pdf)
<use intact_robot.pdf>
Package pdftex.def Info: intact_robot.pdf  used on input line 24.
(pdftex.def)             Requested size: 232.19843pt x 174.15157pt.
<targets.pdf, id=460, 462.52798pt x 346.89601pt>
File: targets.pdf Graphic file (type pdf)
<use targets.pdf>
Package pdftex.def Info: targets.pdf  used on input line 46.
(pdftex.def)             Requested size: 232.19843pt x 174.15157pt.
<damaged_robot.pdf, id=462, 462.52798pt x 346.89601pt>
File: damaged_robot.pdf Graphic file (type pdf)
<use damaged_robot.pdf>
Package pdftex.def Info: damaged_robot.pdf  used on input line 65.
(pdftex.def)             Requested size: 232.19843pt x 174.15157pt.
 [11 <./intact_robot.pdf> <./targets.pdf>]
<original_map_elites.pdf, id=513, 462.52798pt x 346.89601pt>
File: original_map_elites.pdf Graphic file (type pdf)
<use original_map_elites.pdf>
Package pdftex.def Info: original_map_elites.pdf  used on input line 142.
(pdftex.def)             Requested size: 232.19843pt x 174.15157pt.


LaTeX Warning: `h' float specifier changed to `ht'.


Underfull \vbox (badness 10000) has occurred while \output is active []

 [12 <./damaged_robot.pdf>]
<original_trajectories_1.pdf, id=549, 433.62pt x 390.25798pt>
File: original_trajectories_1.pdf Graphic file (type pdf)
<use original_trajectories_1.pdf>
Package pdftex.def Info: original_trajectories_1.pdf  used on input line 172.
(pdftex.def)             Requested size: 232.19843pt x 208.97948pt.


LaTeX Warning: `h' float specifier changed to `ht'.


Underfull \vbox (badness 2088) has occurred while \output is active []

 [13 <./original_map_elites.pdf> <./original_trajectories_1.pdf>]
<elbow.pdf, id=608, 462.52798pt x 346.89601pt>
File: elbow.pdf Graphic file (type pdf)
<use elbow.pdf>
Package pdftex.def Info: elbow.pdf  used on input line 221.
(pdftex.def)             Requested size: 232.19843pt x 174.15157pt.
<filtered_elbow.pdf, id=609, 462.52798pt x 346.89601pt>
File: filtered_elbow.pdf Graphic file (type pdf)
<use filtered_elbow.pdf>
Package pdftex.def Info: filtered_elbow.pdf  used on input line 231.
(pdftex.def)             Requested size: 232.19843pt x 174.15157pt.
<filtered_map_elites.pdf, id=610, 462.52798pt x 346.89601pt>
File: filtered_map_elites.pdf Graphic file (type pdf)
<use filtered_map_elites.pdf>
Package pdftex.def Info: filtered_map_elites.pdf  used on input line 239.
(pdftex.def)             Requested size: 232.19843pt x 174.15157pt.


LaTeX Warning: `h' float specifier changed to `ht'.

[14 <./elbow.pdf> <./filtered_elbow.pdf> <./filtered_map_elites.pdf>]
<tunnel_floorplan.pdf, id=712, 722.7pt x 505.89pt>
File: tunnel_floorplan.pdf Graphic file (type pdf)
<use tunnel_floorplan.pdf>
Package pdftex.def Info: tunnel_floorplan.pdf  used on input line 376.
(pdftex.def)             Requested size: 232.19843pt x 162.53651pt.


LaTeX Warning: `h' float specifier changed to `ht'.

)
<xy_cluster_data.pdf, id=715, 462.52798pt x 346.89601pt>
File: xy_cluster_data.pdf Graphic file (type pdf)
<use xy_cluster_data.pdf>
Package pdftex.def Info: xy_cluster_data.pdf  used on input line 364.
(pdftex.def)             Requested size: 113.52063pt x 85.13582pt.
<arc_cluster_data.pdf, id=716, 462.52798pt x 346.89601pt>
File: arc_cluster_data.pdf Graphic file (type pdf)
<use arc_cluster_data.pdf>
Package pdftex.def Info: arc_cluster_data.pdf  used on input line 368.
(pdftex.def)             Requested size: 113.52063pt x 85.13582pt.
<regular_case0.pdf, id=719, 462.52798pt x 346.89601pt>
File: regular_case0.pdf Graphic file (type pdf)
<use regular_case0.pdf>
Package pdftex.def Info: regular_case0.pdf  used on input line 378.
(pdftex.def)             Requested size: 232.19843pt x 174.15157pt.
<regular_case1.pdf, id=720, 462.52798pt x 346.89601pt>
File: regular_case1.pdf Graphic file (type pdf)
<use regular_case1.pdf>
Package pdftex.def Info: regular_case1.pdf  used on input line 381.
(pdftex.def)             Requested size: 232.19843pt x 174.15157pt.
<regular_case2.pdf, id=721, 462.52798pt x 346.89601pt>
File: regular_case2.pdf Graphic file (type pdf)
<use regular_case2.pdf>
Package pdftex.def Info: regular_case2.pdf  used on input line 384.
(pdftex.def)             Requested size: 232.19843pt x 174.15157pt.
<regular_case3.pdf, id=722, 462.52798pt x 346.89601pt>
File: regular_case3.pdf Graphic file (type pdf)
<use regular_case3.pdf>
Package pdftex.def Info: regular_case3.pdf  used on input line 387.
(pdftex.def)             Requested size: 232.19843pt x 174.15157pt.
 [15 <./tunnel_floorplan.pdf> <./xy_cluster_data.pdf> <./arc_cluster_data.pdf>]

Underfull \vbox (badness 10000) has occurred while \output is active []

 [16 <./regular_case0.pdf> <./regular_case1.pdf> <./regular_case2.pdf> <./regul
ar_case3.pdf>]
<weight_2.pdf, id=980, 722.7pt x 578.16pt>
File: weight_2.pdf Graphic file (type pdf)
<use weight_2.pdf>
Package pdftex.def Info: weight_2.pdf  used on input line 421.
(pdftex.def)             Requested size: 232.19843pt x 185.75603pt.
<weight_4.pdf, id=981, 722.7pt x 578.16pt>
File: weight_4.pdf Graphic file (type pdf)
<use weight_4.pdf>
Package pdftex.def Info: weight_4.pdf  used on input line 424.
(pdftex.def)             Requested size: 232.19843pt x 185.75603pt.
<regular_case4.pdf, id=982, 462.52798pt x 346.89601pt>
File: regular_case4.pdf Graphic file (type pdf)
<use regular_case4.pdf>
Package pdftex.def Info: regular_case4.pdf  used on input line 433.
(pdftex.def)             Requested size: 232.19843pt x 174.15157pt.
<new_case4.pdf, id=990, 462.52798pt x 346.89601pt>
File: new_case4.pdf Graphic file (type pdf)
<use new_case4.pdf>
Package pdftex.def Info: new_case4.pdf  used on input line 457.
(pdftex.def)             Requested size: 232.19843pt x 174.15157pt.
<navigation_results_0.pdf, id=991, 462.52798pt x 346.89601pt>
File: navigation_results_0.pdf Graphic file (type pdf)
<use navigation_results_0.pdf>
Package pdftex.def Info: navigation_results_0.pdf  used on input line 467.
(pdftex.def)             Requested size: 232.19843pt x 174.15157pt.
<navigation_results_1.pdf, id=992, 462.52798pt x 346.89601pt>
File: navigation_results_1.pdf Graphic file (type pdf)
<use navigation_results_1.pdf>
Package pdftex.def Info: navigation_results_1.pdf  used on input line 470.
(pdftex.def)             Requested size: 232.19843pt x 174.15157pt.
<navigation_results_2.pdf, id=993, 462.52798pt x 346.89601pt>
File: navigation_results_2.pdf Graphic file (type pdf)
<use navigation_results_2.pdf>
Package pdftex.def Info: navigation_results_2.pdf  used on input line 473.
(pdftex.def)             Requested size: 232.19843pt x 174.15157pt.
<navigation_results_3.pdf, id=994, 462.52798pt x 346.89601pt>
File: navigation_results_3.pdf Graphic file (type pdf)
<use navigation_results_3.pdf>
Package pdftex.def Info: navigation_results_3.pdf  used on input line 476.
(pdftex.def)             Requested size: 232.19843pt x 174.15157pt.

Underfull \vbox (badness 10000) has occurred while \output is active []

 [17 <./weight_2.pdf> <./weight_4.pdf> <./regular_case4.pdf> <./new_case4.pdf>]

Underfull \vbox (badness 4479) has occurred while \output is active []


Underfull \vbox (badness 1755) has occurred while \output is active []

 [18 <./navigation_results_0.pdf> <./navigation_results_1.pdf> <./navigation_re
sults_2.pdf> <./navigation_results_3.pdf>] (./paper.bbl
Underfull \hbox (badness 1728) in paragraph at lines 39--43
[]\T1/ptm/m/n/8 Rituraj Kaushik, Kon-stanti-nos Chatzi-lyger-oudis, and Jean-Ba
ptiste
 []


Underfull \vbox (badness 1132) has occurred while \output is active []

 [19])
Package atveryend Info: Empty hook `BeforeClearDocument' on input line 587.

[20

]
Package atveryend Info: Empty hook `AfterLastShipout' on input line 587.
 (./paper.aux)
Package atveryend Info: Executing hook `AtVeryEndDocument' on input line 587.
Package atveryend Info: Executing hook `AtEndAfterFileList' on input line 587.
Package rerunfilecheck Info: File `paper.out' has not changed.
(rerunfilecheck)             Checksum: 6FA6524534C9328A955D13073518C4CB;1688.
Package atveryend Info: Empty hook `AtVeryVeryEnd' on input line 587.
 ) 
Here is how much of TeX's memory you used:
 9012 strings out of 483065
 139858 string characters out of 5963550
 414832 words of memory out of 5000000
 23596 multiletter control sequences out of 15000+600000
 653269 words of font info for 154 fonts, out of 8000000 for 9000
 81 hyphenation exceptions out of 8191
 41i,14n,51p,569b,589s stack positions out of 5000i,500n,10000p,200000b,80000s
{/usr/share/texlive/texmf-dist/fonts/enc/dvips/base/8r.enc}</usr/share/texliv
e/texmf-dist/fonts/type1/public/amsfonts/cmextra/cmbsy7.pfb></usr/share/texlive
/texmf-dist/fonts/type1/public/amsfonts/cm/cmbx10.pfb></usr/share/texlive/texmf
-dist/fonts/type1/public/amsfonts/cm/cmbx7.pfb></usr/share/texlive/texmf-dist/f
onts/type1/public/amsfonts/cm/cmex10.pfb></usr/share/texlive/texmf-dist/fonts/t
ype1/public/amsfonts/cm/cmmi10.pfb></usr/share/texlive/texmf-dist/fonts/type1/p
ublic/amsfonts/cm/cmmi5.pfb></usr/share/texlive/texmf-dist/fonts/type1/public/a
msfonts/cm/cmmi7.pfb></usr/share/texlive/texmf-dist/fonts/type1/public/amsfonts
/cm/cmmi8.pfb></usr/share/texlive/texmf-dist/fonts/type1/public/amsfonts/cm/cmm
ib10.pfb></usr/share/texlive/texmf-dist/fonts/type1/public/amsfonts/cmextra/cmm
ib7.pfb></usr/share/texlive/texmf-dist/fonts/type1/public/amsfonts/cm/cmr10.pfb
></usr/share/texlive/texmf-dist/fonts/type1/public/amsfonts/cm/cmr5.pfb></usr/s
hare/texlive/texmf-dist/fonts/type1/public/amsfonts/cm/cmr7.pfb></usr/share/tex
live/texmf-dist/fonts/type1/public/amsfonts/cm/cmr8.pfb></usr/share/texlive/tex
mf-dist/fonts/type1/public/amsfonts/cm/cmsy10.pfb></usr/share/texlive/texmf-dis
t/fonts/type1/public/amsfonts/cm/cmsy6.pfb></usr/share/texlive/texmf-dist/fonts
/type1/public/amsfonts/cm/cmsy7.pfb></usr/share/texlive/texmf-dist/fonts/type1/
public/amsfonts/cm/cmsy8.pfb></usr/share/texlive/texmf-dist/fonts/type1/urw/hel
vetic/uhvr8a.pfb></usr/share/texlive/texmf-dist/fonts/type1/urw/times/utmb8a.pf
b></usr/share/texlive/texmf-dist/fonts/type1/urw/times/utmbi8a.pfb></usr/share/
texlive/texmf-dist/fonts/type1/urw/times/utmr8a.pfb></usr/share/texlive/texmf-d
ist/fonts/type1/urw/times/utmri8a.pfb>
Output written on paper.pdf (20 pages, 1123189 bytes).
PDF statistics:
 1446 PDF objects out of 1728 (max. 8388607)
 727 compressed objects within 8 object streams
 219 named destinations out of 1000 (max. 500000)
 328 words of extra memory for PDF output out of 10000 (max. 10000000)

